\BOOKMARK [0][-]{chapter*.2}{\376\377\000K\000i\000v\000o\000n\000a\000t}{}% 1
\BOOKMARK [0][-]{chapter*.3}{\376\377\000A\000b\000s\000t\000r\000a\000c\000t}{}% 2
\BOOKMARK [0][-]{chapter.1}{\376\377\000I\000n\000t\000r\000o\000d\000u\000c\000t\000i\000o\000n}{}% 3
\BOOKMARK [0][-]{chapter.2}{\376\377\000S\000z\000e\000m\000a\000n\000t\000i\000k\000a\000i\000\040\000e\000l\000e\000m\000z\000\351\000s\000\040\000g\000r\000\341\000f\000-\000t\000r\000a\000n\000s\000z\000f\000o\000r\000m\000\341\000c\000i\000\363\000k\000k\000a\000l}{}% 4
\BOOKMARK [1][-]{section.2.1}{\376\377\000S\000z\000i\000n\000t\000a\000x\000i\000s}{chapter.2}% 5
\BOOKMARK [2][-]{subsection.2.1.1}{\376\377\000A\000\040\000S\000z\000i\000n\000t\000a\000k\000t\000i\000k\000a\000i\000\040\000F\000a}{section.2.1}% 6
\BOOKMARK [2][-]{subsection.2.1.2}{\376\377\000U\000D\000\040\000\351\000s\000\040\000a\000\040\000d\000e\000p\000e\000n\000d\000e\000n\000c\000i\000a\000\040\000e\000l\000e\000m\000z\000\351\000s}{section.2.1}% 7
\BOOKMARK [1][-]{section.2.2}{\376\377\0004\000l\000a\000n\000g}{chapter.2}% 8
\BOOKMARK [1][-]{section.2.3}{\376\377\000A\000\040\0004\000l\000a\000n\000g\000\040\000\351\000s\000\040\000a\000z\000\040\000U\000D\000\040\000k\000\374\000l\000\366\000n\000b\000s\000\351\000g\000e\000i}{chapter.2}% 9
\BOOKMARK [1][-]{section.2.4}{\376\377\000A\000\040\000k\000u\000t\000a\000t\000\341\000s\000\040\000c\000\351\000l\000j\000a}{chapter.2}% 10
\BOOKMARK [1][-]{section.2.5}{\376\377\000A\000z\000\040\000I\000R\000T\000G\000\040\000\351\000s\000\040\000a\000z\000\040\000a\000l\000\341\000r\000e\000n\000d\000e\000l\000t\000\040\000a\000l\000g\000e\000b\000r\000\341\000k}{chapter.2}% 11
\BOOKMARK [2][-]{subsection.2.5.1}{\376\377\000A\000z\000\040\000A\000L\000T\000O}{section.2.5}% 12
\BOOKMARK [2][-]{subsection.2.5.2}{\376\377\000A\000z\000\040\000I\000R\000T\000G}{section.2.5}% 13
\BOOKMARK [2][-]{subsection.2.5.3}{\376\377\000A\000z\000\040\000S\000A}{section.2.5}% 14
\BOOKMARK [2][-]{subsection.2.5.4}{\376\377\000A\000\040\000T\000T\000A}{section.2.5}% 15
\BOOKMARK [2][-]{subsection.2.5.5}{\376\377\000A\000z\000\040\000S\000G\000A}{section.2.5}% 16
\BOOKMARK [1][-]{section.2.6}{\376\377\000A\000z\000\040\000I\000R\000T\000G\000\040\000\351\000s\000\040\000a\000z\000\040\000A\000L\000T\000O\000\040\000h\000i\000\341\000n\000y\000o\000s\000s\000\341\000g\000a\000i}{chapter.2}% 17
\BOOKMARK [2][-]{subsection.2.6.1}{\376\377\000A\000z\000\040\000I\000R\000T\000G\000\040\000h\000i\000\341\000n\000y\000o\000s\000s\000\341\000g\000a\000i}{section.2.6}% 18
\BOOKMARK [2][-]{subsection.2.6.2}{\376\377\000A\000z\000\040\000A\000L\000T\000O\000\040\000h\000i\000\341\000n\000y\000o\000s\000s\000\341\000g\000a\000i}{section.2.6}% 19
\BOOKMARK [1][-]{section.2.7}{\376\377\000I\000d\000e\000i\000g\000l\000e\000n\000e\000s\000\040\000m\000e\000g\000o\000l\000d\000\341\000s\000o\000k}{chapter.2}% 20
\BOOKMARK [2][-]{subsection.2.7.1}{\376\377\000e\000l\000s\001\121\000\040\000g\000e\000n\000e\000r\000\341\000t\000o\000r}{section.2.7}% 21
\BOOKMARK [2][-]{subsection.2.7.2}{\376\377\000m\000\341\000s\000o\000d\000i\000k\000\040\000g\000e\000n\000e\000r\000\341\000t\000o\000r}{section.2.7}% 22
\BOOKMARK [0][-]{chapter.3}{\376\377\000A\000\040\000S\000l\000i\000m\000e\000\040\000n\000y\000e\000l\000v}{}% 23
\BOOKMARK [1][-]{section.3.1}{\376\377\000B\000e\000m\000u\000t\000a\000t\000k\000o\000z\000\341\000s}{chapter.3}% 24
\BOOKMARK [1][-]{section.3.2}{\376\377\000T\000e\000r\000v\000e\000z\000\351\000s\000i\000\040\000s\000z\000e\000m\000p\000o\000n\000t\000j\000a\000i}{chapter.3}% 25
\BOOKMARK [1][-]{section.3.3}{\376\377\000A\000l\000t\000e\000r\000n\000a\000t\000\355\000v\000\341\000k\000\040\000t\000e\000m\000p\000l\000a\000t\000e\000-\000e\000l\000\351\000s\000r\000e\000\040}{chapter.3}% 26
\BOOKMARK [1][-]{section.3.4}{\376\377\000T\000\355\000p\000u\000s\000o\000k}{chapter.3}% 27
\BOOKMARK [1][-]{section.3.5}{\376\377\000Z\000\341\000r\000\363\000j\000e\000l\000e\000k}{chapter.3}% 28
\BOOKMARK [2][-]{subsection.3.5.1}{\376\377\000A\000\040\000t\000\355\000p\000u\000s\000\040\000j\000e\000l\000\366\000l\001\121\000\040\000z\000\341\000r\000\363\000j\000e\000l\000e\000k}{section.3.5}% 29
\BOOKMARK [2][-]{subsection.3.5.2}{\376\377\000m\001\161\000v\000e\000l\000e\000t\000\040\000j\000e\000l\000\366\000l\001\121\000\040\000z\000\341\000r\000\363\000j\000e\000l\000e\000k}{section.3.5}% 30
\BOOKMARK [1][-]{section.3.6}{\376\377\000S\000z\000i\000n\000t\000a\000x\000i\000s}{chapter.3}% 31
\BOOKMARK [1][-]{section.3.7}{\376\377\000I\000m\000p\000l\000e\000m\000e\000n\000t\000\341\000c\000i\000\363}{chapter.3}% 32
\BOOKMARK [1][-]{section.3.8}{\376\377\000A\000\040\000f\000e\000j\000l\000e\000s\000z\000t\000\351\000s\000\040\000f\000\341\000z\000i\000s\000a\000i}{chapter.3}% 33
\BOOKMARK [1][-]{section.3.9}{\376\377\000F\000e\000j\000l\000e\000t\000t\000\040\000m\000e\000g\000o\000l\000d\000\341\000s\000a\000i\000n\000k}{chapter.3}% 34
\BOOKMARK [0][-]{chapter*.4}{\376\377\000A\000c\000k\000n\000o\000w\000l\000e\000d\000g\000e\000m\000e\000n\000t\000s}{}% 35
\BOOKMARK [0][-]{chapter*.4}{\376\377\000B\000i\000b\000l\000i\000o\000g\000r\000a\000p\000h\000y}{}% 36
\BOOKMARK [0][-]{appendix*.5}{\376\377\000A\000p\000p\000e\000n\000d\000i\000x}{}% 37
\BOOKMARK [1][-]{section.A.1}{\376\377\000A\000\040\000T\000e\000X\000s\000t\000u\000d\000i\000o\000\040\000f\000e\000l\000\374\000l\000e\000t\000e}{appendix*.5}% 38
\BOOKMARK [1][-]{section.A.2}{\376\377\000V\000\341\000l\000a\000s\000z\000\040\000a\000z\000\040\000,\000,\000\311\000l\000e\000t\000,\000\040\000a\000\040\000v\000i\000l\000\341\000g\000m\000i\000n\000d\000e\000n\000s\000\351\000g\000,\000\040\000m\000e\000g\000\040\000m\000i\000n\000d\000e\000n\000'\000'\000\040\000k\000\351\000r\000d\000\351\000s\000\351\000r\000e}{appendix*.5}% 39
